2023-08-29 13:58:37.840 [info] Log level: Info
2023-08-29 13:58:37.842 [info] Validating found git in: "git"
2023-08-29 13:58:37.843 [info] Using git "2.39.2" from "git"
2023-08-29 13:58:37.843 [info] > git rev-parse --show-toplevel [274ms]
2023-08-29 13:58:37.844 [info] fatal: not a git repository (or any of the parent directories): .git
2023-08-29 13:58:37.845 [info] > git rev-parse --show-toplevel [3ms]
2023-08-29 13:58:37.846 [info] fatal: not a git repository (or any of the parent directories): .git
2023-08-29 13:58:37.901 [info] > git rev-parse --show-toplevel [69ms]
2023-08-29 13:58:37.902 [info] fatal: not a git repository (or any parent up to mount point /root)
Stopping at filesystem boundary (GIT_DISCOVERY_ACROSS_FILESYSTEM not set).
2023-08-29 13:58:37.937 [info] > git rev-parse --show-toplevel [7ms]
2023-08-29 13:58:37.938 [info] fatal: not a git repository (or any parent up to mount point /root)
Stopping at filesystem boundary (GIT_DISCOVERY_ACROSS_FILESYSTEM not set).
2023-08-29 14:00:51.644 [info] > git rev-parse --show-toplevel [2ms]
2023-08-29 14:00:51.644 [info] fatal: not a git repository (or any of the parent directories): .git
2023-08-29 14:00:52.622 [info] > git rev-parse --show-toplevel [5ms]
2023-08-29 14:00:52.622 [info] fatal: not a git repository (or any of the parent directories): .git
2023-08-29 14:00:54.365 [info] > git rev-parse --show-toplevel [1ms]
2023-08-29 14:00:54.365 [info] fatal: not a git repository (or any of the parent directories): .git
2023-08-29 14:00:55.713 [info] > git rev-parse --show-toplevel [2ms]
2023-08-29 14:00:55.714 [info] fatal: not a git repository (or any of the parent directories): .git
