2023-08-29 13:57:17.698 [info] Log level: Info
2023-08-29 13:57:17.699 [info] Validating found git in: "git"
2023-08-29 13:57:17.700 [info] Using git "2.39.2" from "git"
2023-08-29 13:57:17.701 [info] > git rev-parse --show-toplevel [216ms]
2023-08-29 13:57:17.701 [info] fatal: not a git repository (or any of the parent directories): .git
2023-08-29 13:57:17.702 [info] > git rev-parse --show-toplevel [55ms]
2023-08-29 13:57:17.703 [info] fatal: not a git repository (or any of the parent directories): .git
2023-08-29 13:57:17.712 [info] > git rev-parse --show-toplevel [19ms]
2023-08-29 13:57:17.712 [info] fatal: not a git repository (or any parent up to mount point /)
Stopping at filesystem boundary (GIT_DISCOVERY_ACROSS_FILESYSTEM not set).
2023-08-29 13:57:17.739 [info] > git rev-parse --show-toplevel [4ms]
2023-08-29 13:57:17.740 [info] fatal: not a git repository (or any of the parent directories): .git
2023-08-29 13:57:17.755 [info] > git rev-parse --show-toplevel [8ms]
2023-08-29 13:57:17.756 [info] fatal: not a git repository (or any of the parent directories): .git
2023-08-29 13:57:17.771 [info] > git rev-parse --show-toplevel [4ms]
2023-08-29 13:57:17.771 [info] fatal: not a git repository (or any of the parent directories): .git
2023-08-29 13:57:17.789 [info] > git rev-parse --show-toplevel [8ms]
2023-08-29 13:57:17.790 [info] fatal: not a git repository (or any of the parent directories): .git
2023-08-29 13:57:17.806 [info] > git rev-parse --show-toplevel [5ms]
2023-08-29 13:57:17.806 [info] fatal: not a git repository (or any of the parent directories): .git
2023-08-29 13:57:17.823 [info] > git rev-parse --show-toplevel [7ms]
2023-08-29 13:57:17.823 [info] fatal: not a git repository (or any parent up to mount point /)
Stopping at filesystem boundary (GIT_DISCOVERY_ACROSS_FILESYSTEM not set).
2023-08-29 13:57:17.833 [info] > git rev-parse --show-toplevel [2ms]
2023-08-29 13:57:17.834 [info] fatal: not a git repository (or any of the parent directories): .git
2023-08-29 13:57:17.849 [info] > git rev-parse --show-toplevel [2ms]
2023-08-29 13:57:17.850 [info] fatal: not a git repository (or any of the parent directories): .git
2023-08-29 13:57:17.865 [info] > git rev-parse --show-toplevel [5ms]
2023-08-29 13:57:17.865 [info] fatal: not a git repository (or any of the parent directories): .git
2023-08-29 13:57:17.876 [info] > git rev-parse --show-toplevel [3ms]
2023-08-29 13:57:17.877 [info] fatal: not a git repository (or any parent up to mount point /)
Stopping at filesystem boundary (GIT_DISCOVERY_ACROSS_FILESYSTEM not set).
2023-08-29 13:57:17.886 [info] > git rev-parse --show-toplevel [2ms]
2023-08-29 13:57:17.887 [info] fatal: not a git repository (or any of the parent directories): .git
2023-08-29 13:57:17.898 [info] > git rev-parse --show-toplevel [2ms]
2023-08-29 13:57:17.898 [info] fatal: not a git repository (or any of the parent directories): .git
2023-08-29 13:57:17.908 [info] > git rev-parse --show-toplevel [1ms]
2023-08-29 13:57:17.909 [info] fatal: not a git repository (or any of the parent directories): .git
2023-08-29 13:57:25.914 [info] > git rev-parse --show-toplevel [9ms]
2023-08-29 13:57:25.915 [info] fatal: not a git repository (or any of the parent directories): .git
