2023-08-28 13:07:01.457 [info] Extension host with pid 331 started
2023-08-28 13:07:01.470 [error] Error: EEXIST: file already exists, open '/root/.vscode-server/data/User/workspaceStorage/4d3574f0e0d8c0c80092c13095107f4f/vscode.lock'
2023-08-28 13:07:01.517 [info] Lock '/root/.vscode-server/data/User/workspaceStorage/4d3574f0e0d8c0c80092c13095107f4f/vscode.lock': Could not acquire lock, checking if the file is stale.
2023-08-28 13:07:01.530 [info] Lock '/root/.vscode-server/data/User/workspaceStorage/4d3574f0e0d8c0c80092c13095107f4f/vscode.lock': The pid 797 appears to be gone.
2023-08-28 13:07:01.530 [info] Lock '/root/.vscode-server/data/User/workspaceStorage/4d3574f0e0d8c0c80092c13095107f4f/vscode.lock': Deleting a stale lock.
2023-08-28 13:07:01.593 [info] ExtensionService#_doActivateExtension vscode.emmet, startup: false, activationEvent: 'onLanguage'
2023-08-28 13:07:01.596 [info] ExtensionService#_doActivateExtension vscode.git-base, startup: true, activationEvent: '*', root cause: vscode.git
2023-08-28 13:07:01.913 [info] Lock '/root/.vscode-server/data/User/workspaceStorage/4d3574f0e0d8c0c80092c13095107f4f/vscode.lock': Lock acquired.
2023-08-28 13:07:01.984 [info] ExtensionService#_doActivateExtension vscode.git, startup: true, activationEvent: '*'
2023-08-28 13:07:01.985 [info] ExtensionService#_doActivateExtension vscode.github, startup: true, activationEvent: '*'
2023-08-28 13:07:02.434 [info] ExtensionService#_doActivateExtension vscode.debug-auto-launch, startup: false, activationEvent: 'onStartupFinished'
2023-08-28 13:07:02.436 [info] ExtensionService#_doActivateExtension vscode.merge-conflict, startup: false, activationEvent: 'onStartupFinished'
2023-08-28 13:07:02.437 [info] Eager extensions activated
2023-08-28 13:07:03.003 [info] ExtensionService#_doActivateExtension vscode.ipynb, startup: false, activationEvent: 'onNotebookSerializer:jupyter-notebook'
2023-08-28 13:07:03.242 [info] ExtensionService#_doActivateExtension ms-toolsai.jupyter, startup: false, activationEvent: 'onNotebook:jupyter-notebook'
2023-08-28 13:07:03.243 [info] ExtensionService#_doActivateExtension ms-toolsai.vscode-jupyter-cell-tags, startup: false, activationEvent: 'onNotebook:jupyter-notebook'
2023-08-28 13:07:03.244 [info] ExtensionService#_doActivateExtension ms-toolsai.vscode-jupyter-slideshow, startup: false, activationEvent: 'onNotebook:jupyter-notebook'
2023-08-28 13:07:03.246 [info] ExtensionService#_doActivateExtension ms-toolsai.jupyter-renderers, startup: false, activationEvent: 'onNotebook:*'
2023-08-28 13:07:03.991 [info] ExtensionService#_doActivateExtension ms-python.python, startup: false, activationEvent: 'onLanguage:python'
2023-08-28 13:07:06.048 [info] ExtensionService#_doActivateExtension ms-python.vscode-pylance, startup: false, activationEvent: 'onLanguage:python'
2023-08-28 13:07:08.030 [error] Error: Module 'pip' not installed.
	at Xa.execModule (/root/.vscode-server/extensions/ms-toolsai.jupyter-2023.1.2010391206/out/extension.node.js:2:1806741)
	at processTicksAndRejections (node:internal/process/task_queues:96:5)
	at async xl.getPackageInformation (/root/.vscode-server/extensions/ms-toolsai.jupyter-2023.1.2010391206/out/extension.node.js:17:38262)
2023-08-28 13:13:29.786 [info] Extension host terminating: received terminate message from renderer
2023-08-28 13:13:29.788 [info] Lock '/root/.vscode-server/data/User/workspaceStorage/4d3574f0e0d8c0c80092c13095107f4f/vscode.lock': Marking the lockfile as scheduled to be released in 6000 ms.
2023-08-28 13:13:29.867 [info] Extension host with pid 331 exiting with code 0
