2023-08-29 13:58:36.316 [info] Extension host with pid 2008 started
2023-08-29 13:58:36.418 [info] ExtensionService#_doActivateExtension vscode.ipynb, startup: false, activationEvent: 'onNotebookSerializer:jupyter-notebook'
2023-08-29 13:58:36.421 [info] ExtensionService#_doActivateExtension vscode.emmet, startup: false, activationEvent: 'onLanguage'
2023-08-29 13:58:36.422 [info] ExtensionService#_doActivateExtension vscode.git-base, startup: true, activationEvent: '*', root cause: vscode.git
2023-08-29 13:58:36.817 [info] Lock '/root/.vscode-server/data/User/workspaceStorage/4d3574f0e0d8c0c80092c13095107f4f/vscode.lock': Lock acquired.
2023-08-29 13:58:36.953 [info] ExtensionService#_doActivateExtension vscode.git, startup: true, activationEvent: '*'
2023-08-29 13:58:36.954 [info] ExtensionService#_doActivateExtension vscode.github, startup: true, activationEvent: '*'
2023-08-29 13:58:37.514 [info] ExtensionService#_doActivateExtension vscode.debug-auto-launch, startup: false, activationEvent: 'onStartupFinished'
2023-08-29 13:58:37.517 [info] ExtensionService#_doActivateExtension vscode.merge-conflict, startup: false, activationEvent: 'onStartupFinished'
2023-08-29 13:58:37.518 [info] Eager extensions activated
2023-08-29 13:58:44.973 [info] ExtensionService#_doActivateExtension ms-toolsai.jupyter, startup: false, activationEvent: 'onNotebook:jupyter-notebook'
2023-08-29 13:58:44.974 [info] ExtensionService#_doActivateExtension ms-toolsai.vscode-jupyter-cell-tags, startup: false, activationEvent: 'onNotebook:jupyter-notebook'
2023-08-29 13:58:44.977 [info] ExtensionService#_doActivateExtension ms-toolsai.vscode-jupyter-slideshow, startup: false, activationEvent: 'onNotebook:jupyter-notebook'
2023-08-29 13:58:44.978 [info] ExtensionService#_doActivateExtension ms-toolsai.jupyter-renderers, startup: false, activationEvent: 'onNotebook:*'
2023-08-29 13:58:48.007 [info] ExtensionService#_doActivateExtension ms-python.python, startup: false, activationEvent: 'api', root cause: ms-toolsai.jupyter
2023-08-29 13:58:51.997 [error] Error: Module 'pip' not installed.
	at Xa.execModule (/root/.vscode-server/extensions/ms-toolsai.jupyter-2023.1.2010391206/out/extension.node.js:2:1806741)
	at async xl.getPackageInformation (/root/.vscode-server/extensions/ms-toolsai.jupyter-2023.1.2010391206/out/extension.node.js:17:38262)
2023-08-29 13:59:19.291 [info] ExtensionService#_doActivateExtension ms-python.vscode-pylance, startup: false, activationEvent: 'onLanguage:python'
2023-08-29 14:04:19.672 [error] Error: Module 'pip' not installed.
	at Xa.execModule (/root/.vscode-server/extensions/ms-toolsai.jupyter-2023.1.2010391206/out/extension.node.js:2:1806741)
	at runMicrotasks (<anonymous>)
	at processTicksAndRejections (node:internal/process/task_queues:96:5)
	at async xl.getPackageInformation (/root/.vscode-server/extensions/ms-toolsai.jupyter-2023.1.2010391206/out/extension.node.js:17:38262)
2023-08-29 14:04:26.762 [info] Extension host terminating: received terminate message from renderer
2023-08-29 14:04:26.765 [info] Lock '/root/.vscode-server/data/User/workspaceStorage/4d3574f0e0d8c0c80092c13095107f4f/vscode.lock': Marking the lockfile as scheduled to be released in 6000 ms.
2023-08-29 14:04:26.917 [error] Error: The kernel died. Error: /bin/python3: No module named ipykernel_launcher... View Jupyter [log](command:jupyter.viewOutput) for further details.
	at ChildProcess.<anonymous> (/root/.vscode-server/extensions/ms-toolsai.jupyter-2023.1.2010391206/out/extension.node.js:17:102857)
	at ChildProcess.emit (node:events:538:35)
	at Process.ChildProcess._handle.onexit (node:internal/child_process:291:12)
2023-08-29 14:04:26.938 [info] Extension host with pid 2008 exiting with code 0
